\BOOKMARK [1][-]{section.1}{Detalles\040de\040la\040actividad}{}% 1
\BOOKMARK [2][-]{subsection.1.1}{\376\377\000D\000e\000s\000c\000r\000i\000p\000c\000i\000\363\000n}{section.1}% 2
\BOOKMARK [2][-]{subsection.1.2}{Objetivos}{section.1}% 3
\BOOKMARK [2][-]{subsection.1.3}{Competencias}{section.1}% 4
\BOOKMARK [1][-]{section.2}{\376\377\000D\000e\000s\000c\000r\000i\000p\000c\000i\000\363\000n\000\040\000d\000e\000l\000\040\000d\000a\000t\000a\000s\000e\000t}{}% 5
\BOOKMARK [1][-]{section.3}{Importancia\040y\040objetivos\040del\040dataset}{}% 6
\BOOKMARK [2][-]{subsection.3.1}{\376\377\000I\000n\000t\000e\000g\000r\000a\000c\000i\000\363\000n\000\040\000y\000\040\000s\000e\000l\000e\000c\000c\000i\000\363\000n\000\040\000d\000e\000\040\000l\000o\000s\000\040\000d\000a\000t\000o\000s\000\040\000d\000e\000\040\000i\000n\000t\000e\000r\000\351\000s\000\040\000a\000\040\000a\000n\000a\000l\000i\000z\000a\000r\000.}{section.3}% 7
\BOOKMARK [1][-]{section.4}{Limpieza\040de\040los\040datos}{}% 8
\BOOKMARK [2][-]{subsection.4.1}{Valores\040nulos}{section.4}% 9
\BOOKMARK [2][-]{subsection.4.2}{Valores\040extremos}{section.4}% 10
\BOOKMARK [2][-]{subsection.4.3}{Dummies\040y\040guardado\040del\040dataset}{section.4}% 11
\BOOKMARK [1][-]{section.5}{\376\377\000A\000n\000\341\000l\000i\000s\000i\000s\000\040\000d\000e\000\040\000l\000o\000s\000\040\000d\000a\000t\000o\000s}{}% 12
\BOOKMARK [2][-]{subsection.5.1}{\376\377\000S\000e\000l\000e\000c\000c\000i\000\363\000n\000\040\000d\000e\000\040\000d\000a\000t\000o\000s\000\040\000a\000\040\000a\000n\000a\000l\000i\000z\000a\000r}{section.5}% 13
\BOOKMARK [2][-]{subsection.5.2}{\376\377\000C\000o\000m\000p\000r\000o\000b\000a\000c\000i\000\363\000n\000\040\000d\000e\000\040\000l\000a\000\040\000n\000o\000r\000m\000a\000l\000i\000d\000a\000d\000\040\000y\000\040\000h\000o\000m\000o\000g\000e\000n\000e\000i\000d\000a\000d\000\040\000d\000e\000\040\000l\000a\000\040\000v\000a\000r\000i\000a\000n\000z\000a}{section.5}% 14
\BOOKMARK [3][-]{subsubsection.5.2.1}{Normalidad}{subsection.5.2}% 15
\BOOKMARK [3][-]{subsubsection.5.2.2}{Homogeneidad\040de\040la\040varianza}{subsection.5.2}% 16
\BOOKMARK [3][-]{subsubsection.5.2.3}{\376\377\000A\000n\000\341\000l\000i\000s\000i\000s\000\040\000d\000e\000\040\000c\000o\000r\000r\000e\000l\000a\000c\000i\000o\000n\000e\000s}{subsection.5.2}% 17
\BOOKMARK [3][-]{subsubsection.5.2.4}{\376\377\000A\000n\000\341\000l\000i\000s\000i\000s\000\040\000E\000x\000p\000l\000o\000r\000a\000t\000o\000r\000i\000o\000\040\000\050\000E\000D\000A\000\051}{subsection.5.2}% 18
\BOOKMARK [1][-]{section.6}{Conclusiones}{}% 19
\BOOKMARK [1][-]{section.7}{Contribuciones}{}% 20
